<?xml version="1.0" encoding="UTF-8"?>
<testsuite xmlns:xsi="http://www.w3.org/2001/XMLSchema-instance" xsi:noNamespaceSchemaLocation="https://maven.apache.org/surefire/maven-surefire-plugin/xsd/surefire-test-report-3.0.xsd" version="3.0" name="com.highline.demo.DemoApplicationTests" time="1.108" tests="1" errors="0" skipped="0" failures="0">
  <properties>
[...]
</properties>
  <testcase name="contextLoads" classname="com.highline.demo.DemoApplicationTests" time="0.389">
    <system-out><![CDATA[11:47:45.851 [main] INFO org.springframework.test.context.support.AnnotationConfigContextLoaderUtils -- Could not detect default configuration classes for test class [com.highline.demo.DemoApplicationTests]: DemoApplicationTests does not declare any static, non-private, non-final, nested classes annotated with @Configuration.
11:47:45.894 [main] INFO org.springframework.boot.test.context.SpringBootTestContextBootstrapper -- Found @SpringBootConfiguration com.highline.demo.DemoApplication for test class com.highline.demo.DemoApplicationTests

  .   ____          _            __ _ _
 /\\ / ___'_ __ _ _(_)_ __  __ _ \ \ \ \
( ( )\___ | '_ | '_| | '_ \/ _` | \ \ \ \
 \\/  ___)| |_)| | | | | || (_| |  ) ) ) )
  '  |____| .__|_| |_|_| |_\__, | / / / /
 =========|_|==============|___/=/_/_/_/
 :: Spring Boot ::       (v3.2.0-SNAPSHOT)

2023-10-30T11:47:46.048-04:00  INFO 77050 --- [           main] com.highline.demo.DemoApplicationTests   : Starting DemoApplicationTests using Java 17.0.5 with PID 77050 (started by ethanreynolds in /Users/ethanreynolds/Documents/Pet Projects/demo)
2023-10-30T11:47:46.049-04:00  INFO 77050 --- [           main] com.highline.demo.DemoApplicationTests   : No active profile set, falling back to 1 default profile: "default"
2023-10-30T11:47:46.483-04:00  INFO 77050 --- [           main] com.highline.demo.DemoApplicationTests   : Started DemoApplicationTests in 0.532 seconds (process running for 0.912)
]]></system-out>
  </testcase>
</testsuite>